<?xml version="1.0" encoding="UTF-8"?>
<testsuite xmlns:xsi="http://www.w3.org/2001/XMLSchema-instance" xsi:schemaLocation="https://maven.apache.org/surefire/maven-surefire-plugin/xsd/surefire-test-report.xsd" name="TestSuite" time="10.772" tests="10" errors="0" skipped="9" failures="1">
  <properties>
[...]
</properties>
  <testcase name="LaunchingBrowser" classname="com.ap.Tests.HomePageTest" time="5.49">
    <failure message="The driver executable does not exist: C:\Users\19174\Desktop\PreParation\IntelliJProjects\ChromeDriver\chromedriver_win32_final\chromedriver.exe" type="java.lang.IllegalStateException">java.lang.IllegalStateException: The driver executable does not exist: C:\Users\19174\Desktop\PreParation\IntelliJProjects\ChromeDriver\chromedriver_win32_final\chromedriver.exe
	at com.ap.Tests.HomePageTest.LaunchingBrowser(HomePageTest.java:19)
</failure>
  </testcase>
  <testcase name="LaunchingBrowser" classname="com.ap.Tests.HomePageTest" time="0">
    <skipped/>
  </testcase>
  <testcase name="LaunchingBrowser" classname="com.ap.Tests.HomePageTest" time="0">
    <skipped/>
  </testcase>
  <testcase name="checkSignIn" classname="com.ap.Tests.HomePageTest" time="0">
    <skipped message="The driver executable does not exist: C:\Users\19174\Desktop\PreParation\IntelliJProjects\ChromeDriver\chromedriver_win32_final\chromedriver.exe"/>
  </testcase>
  <testcase name="ssN" classname="com.ap.Tests.SignInPageTest" time="0">
    <skipped message="The driver executable does not exist: C:\Users\19174\Desktop\PreParation\IntelliJProjects\ChromeDriver\chromedriver_win32_final\chromedriver.exe"/>
  </testcase>
  <testcase name="profilePageTest" classname="com.ap.Tests.ProfilePageTest" time="0">
    <skipped message="The driver executable does not exist: C:\Users\19174\Desktop\PreParation\IntelliJProjects\ChromeDriver\chromedriver_win32_final\chromedriver.exe"/>
  </testcase>
  <testcase name="ppPage" classname="com.ap.Tests.SignInPageTest" time="0">
    <skipped message="The driver executable does not exist: C:\Users\19174\Desktop\PreParation\IntelliJProjects\ChromeDriver\chromedriver_win32_final\chromedriver.exe"/>
  </testcase>
  <testcase name="tearDown" classname="com.ap.Tests.HomePageTest" time="0">
    <skipped/>
  </testcase>
  <testcase name="tearDown" classname="com.ap.Tests.HomePageTest" time="0">
    <skipped/>
  </testcase>
  <testcase name="tearDown" classname="com.ap.Tests.HomePageTest" time="0">
    <skipped/>
  </testcase>
</testsuite>