<?xml version="1.0" encoding="UTF-8"?>
<testng-results ignored="0" total="4" passed="3" failed="1" skipped="0">
  <reporter-output>
    <line>
      <![CDATA[Before Navigating tohttp://automationpractice.com/]]>
    </line>
    <line>
      <![CDATA[After Navigating tohttp://automationpractice.com/]]>
    </line>
    <line>
      <![CDATA[Before Navigating tohttp://automationpractice.com/]]>
    </line>
    <line>
      <![CDATA[After Navigating tohttp://automationpractice.com/]]>
    </line>
    <line>
      <![CDATA[Before Navigating tohttp://automationpractice.com/]]>
    </line>
    <line>
      <![CDATA[After Navigating tohttp://automationpractice.com/]]>
    </line>
    <line>
      <![CDATA[Trying to find element]]>
    </line>
    <line>
      <![CDATA[Trying to find element]]>
    </line>
    <line>
      <![CDATA[Trying to find element]]>
    </line>
    <line>
      <![CDATA[Trying to find element]]>
    </line>
    <line>
      <![CDATA[Trying to find element]]>
    </line>
    <line>
      <![CDATA[Trying to find element]]>
    </line>
    <line>
      <![CDATA[Trying to find element]]>
    </line>
    <line>
      <![CDATA[Trying to find element]]>
    </line>
    <line>
      <![CDATA[Trying to find element]]>
    </line>
    <line>
      <![CDATA[Trying to find element]]>
    </line>
    <line>
      <![CDATA[Trying to find element]]>
    </line>
    <line>
      <![CDATA[Trying to find element]]>
    </line>
    <line>
      <![CDATA[Trying to find element]]>
    </line>
  </reporter-output>
  <suite started-at="2020-09-15T05:58:48Z" name="AutomationPractice" finished-at="2020-09-15T06:01:03Z" duration-ms="135280">
    <groups>
      <group name="regression">
        <method signature="SignInPageTest.ppPage()[pri:1, instance:com.ap.Tests.SignInPageTest@4562e04d]" name="ppPage" class="com.ap.Tests.SignInPageTest"/>
      </group> <!-- regression -->
      <group name="sanity">
        <method signature="SignInPageTest.ssN()[pri:0, instance:com.ap.Tests.SignInPageTest@4562e04d]" name="ssN" class="com.ap.Tests.SignInPageTest"/>
      </group> <!-- sanity -->
    </groups>
    <test started-at="2020-09-15T05:58:48Z" name="AutomationPracticeTesting" finished-at="2020-09-15T06:01:03Z" duration-ms="135280">
      <class name="com.ap.Tests.HomePageTest">
        <test-method is-config="true" signature="LaunchingBrowser()[pri:0, instance:com.ap.Tests.HomePageTest@313ac989]" started-at="2020-09-15T01:58:48Z" name="LaunchingBrowser" finished-at="2020-09-15T01:59:17Z" duration-ms="28941" status="PASS">
          <reporter-output>
            <line>
              <![CDATA[Before Navigating tohttp://automationpractice.com/]]>
            </line>
            <line>
              <![CDATA[After Navigating tohttp://automationpractice.com/]]>
            </line>
          </reporter-output>
        </test-method> <!-- LaunchingBrowser -->
        <test-method is-config="true" signature="LaunchingBrowser()[pri:0, instance:com.ap.Tests.ProfilePageTest@2a65fe7c]" started-at="2020-09-15T01:59:17Z" name="LaunchingBrowser" finished-at="2020-09-15T01:59:46Z" duration-ms="29126" status="PASS">
          <reporter-output>
            <line>
              <![CDATA[Before Navigating tohttp://automationpractice.com/]]>
            </line>
            <line>
              <![CDATA[After Navigating tohttp://automationpractice.com/]]>
            </line>
          </reporter-output>
        </test-method> <!-- LaunchingBrowser -->
        <test-method is-config="true" signature="LaunchingBrowser()[pri:0, instance:com.ap.Tests.SignInPageTest@4562e04d]" started-at="2020-09-15T01:59:46Z" name="LaunchingBrowser" finished-at="2020-09-15T02:00:20Z" duration-ms="33488" status="PASS">
          <reporter-output>
            <line>
              <![CDATA[Before Navigating tohttp://automationpractice.com/]]>
            </line>
            <line>
              <![CDATA[After Navigating tohttp://automationpractice.com/]]>
            </line>
          </reporter-output>
        </test-method> <!-- LaunchingBrowser -->
        <test-method signature="checkSignIn()[pri:0, instance:com.ap.Tests.HomePageTest@313ac989]" started-at="2020-09-15T02:00:20Z" name="checkSignIn" finished-at="2020-09-15T02:00:32Z" duration-ms="12098" status="PASS">
          <reporter-output>
            <line>
              <![CDATA[Trying to find element]]>
            </line>
          </reporter-output>
        </test-method> <!-- checkSignIn -->
        <test-method is-config="true" signature="tearDown()[pri:0, instance:com.ap.Tests.HomePageTest@313ac989]" started-at="2020-09-15T02:01:01Z" name="tearDown" finished-at="2020-09-15T02:01:03Z" duration-ms="2866" status="PASS">
          <reporter-output>
          </reporter-output>
        </test-method> <!-- tearDown -->
        <test-method is-config="true" signature="tearDown()[pri:0, instance:com.ap.Tests.ProfilePageTest@2a65fe7c]" started-at="2020-09-15T02:01:03Z" name="tearDown" finished-at="2020-09-15T02:01:03Z" duration-ms="2" status="PASS">
          <reporter-output>
          </reporter-output>
        </test-method> <!-- tearDown -->
        <test-method is-config="true" signature="tearDown()[pri:0, instance:com.ap.Tests.SignInPageTest@4562e04d]" started-at="2020-09-15T02:01:03Z" name="tearDown" finished-at="2020-09-15T02:01:03Z" duration-ms="1" status="PASS">
          <reporter-output>
          </reporter-output>
        </test-method> <!-- tearDown -->
      </class> <!-- com.ap.Tests.HomePageTest -->
      <class name="com.ap.Tests.ProfilePageTest">
        <test-method signature="profilePageTest()[pri:0, instance:com.ap.Tests.ProfilePageTest@2a65fe7c]" started-at="2020-09-15T02:00:20Z" name="profilePageTest" finished-at="2020-09-15T02:01:01Z" duration-ms="40614" status="PASS">
          <reporter-output>
            <line>
              <![CDATA[Trying to find element]]>
            </line>
            <line>
              <![CDATA[Trying to find element]]>
            </line>
            <line>
              <![CDATA[Trying to find element]]>
            </line>
            <line>
              <![CDATA[Trying to find element]]>
            </line>
            <line>
              <![CDATA[Trying to find element]]>
            </line>
            <line>
              <![CDATA[Trying to find element]]>
            </line>
            <line>
              <![CDATA[Trying to find element]]>
            </line>
            <line>
              <![CDATA[Trying to find element]]>
            </line>
          </reporter-output>
        </test-method> <!-- profilePageTest -->
      </class> <!-- com.ap.Tests.ProfilePageTest -->
      <class name="com.ap.Tests.SignInPageTest">
        <test-method signature="ssN()[pri:0, instance:com.ap.Tests.SignInPageTest@4562e04d]" started-at="2020-09-15T02:00:20Z" name="ssN" finished-at="2020-09-15T02:00:37Z" duration-ms="16717" status="FAIL">
          <exception class="org.openqa.selenium.StaleElementReferenceException">
            <message>
              <![CDATA[stale element reference: element is not attached to the page document
  (Session info: chrome=85.0.4183.102)
For documentation on this error, please visit: https://www.seleniumhq.org/exceptions/stale_element_reference.html
Build info: version: '3.141.59', revision: 'e82be7d358', time: '2018-11-14T08:17:03'
System info: host: 'DESKTOP-AV4TL8G', ip: '192.168.137.1', os.name: 'Windows 10', os.arch: 'amd64', os.version: '10.0', java.version: '9.0.4'
Driver info: org.openqa.selenium.chrome.ChromeDriver
Capabilities {acceptInsecureCerts: false, browserName: chrome, browserVersion: 85.0.4183.102, chrome: {chromedriverVersion: 85.0.4183.87 (cd6713ebf92fa..., userDataDir: C:\Users\19174\AppData\Loca...}, goog:chromeOptions: {debuggerAddress: localhost:54509}, javascriptEnabled: true, networkConnectionEnabled: false, pageLoadStrategy: normal, platform: WINDOWS, platformName: WINDOWS, proxy: Proxy(), setWindowRect: true, strictFileInteractability: false, timeouts: {implicit: 0, pageLoad: 300000, script: 30000}, unhandledPromptBehavior: dismiss and notify, webauthn:virtualAuthenticators: true}
Session ID: 87e79439b95ae21c761870dded58bb69]]>
            </message>
            <full-stacktrace>
              <![CDATA[org.openqa.selenium.StaleElementReferenceException: stale element reference: element is not attached to the page document
  (Session info: chrome=85.0.4183.102)
For documentation on this error, please visit: https://www.seleniumhq.org/exceptions/stale_element_reference.html
Build info: version: '3.141.59', revision: 'e82be7d358', time: '2018-11-14T08:17:03'
System info: host: 'DESKTOP-AV4TL8G', ip: '192.168.137.1', os.name: 'Windows 10', os.arch: 'amd64', os.version: '10.0', java.version: '9.0.4'
Driver info: org.openqa.selenium.chrome.ChromeDriver
Capabilities {acceptInsecureCerts: false, browserName: chrome, browserVersion: 85.0.4183.102, chrome: {chromedriverVersion: 85.0.4183.87 (cd6713ebf92fa..., userDataDir: C:\Users\19174\AppData\Loca...}, goog:chromeOptions: {debuggerAddress: localhost:54509}, javascriptEnabled: true, networkConnectionEnabled: false, pageLoadStrategy: normal, platform: WINDOWS, platformName: WINDOWS, proxy: Proxy(), setWindowRect: true, strictFileInteractability: false, timeouts: {implicit: 0, pageLoad: 300000, script: 30000}, unhandledPromptBehavior: dismiss and notify, webauthn:virtualAuthenticators: true}
Session ID: 87e79439b95ae21c761870dded58bb69
	at java.base/jdk.internal.reflect.NativeConstructorAccessorImpl.newInstance0(Native Method)
	at java.base/jdk.internal.reflect.NativeConstructorAccessorImpl.newInstance(NativeConstructorAccessorImpl.java:62)
	at java.base/jdk.internal.reflect.DelegatingConstructorAccessorImpl.newInstance(DelegatingConstructorAccessorImpl.java:45)
	at java.base/java.lang.reflect.Constructor.newInstance(Constructor.java:488)
	at org.openqa.selenium.remote.http.W3CHttpResponseCodec.createException(W3CHttpResponseCodec.java:187)
	at org.openqa.selenium.remote.http.W3CHttpResponseCodec.decode(W3CHttpResponseCodec.java:122)
	at org.openqa.selenium.remote.http.W3CHttpResponseCodec.decode(W3CHttpResponseCodec.java:49)
	at org.openqa.selenium.remote.HttpCommandExecutor.execute(HttpCommandExecutor.java:158)
	at org.openqa.selenium.remote.service.DriverCommandExecutor.execute(DriverCommandExecutor.java:83)
	at org.openqa.selenium.remote.RemoteWebDriver.execute(RemoteWebDriver.java:552)
	at org.openqa.selenium.remote.RemoteWebElement.execute(RemoteWebElement.java:285)
	at org.openqa.selenium.remote.RemoteWebElement.sendKeys(RemoteWebElement.java:106)
	at java.base/jdk.internal.reflect.NativeMethodAccessorImpl.invoke0(Native Method)
	at java.base/jdk.internal.reflect.NativeMethodAccessorImpl.invoke(NativeMethodAccessorImpl.java:62)
	at java.base/jdk.internal.reflect.DelegatingMethodAccessorImpl.invoke(DelegatingMethodAccessorImpl.java:43)
	at java.base/java.lang.reflect.Method.invoke(Method.java:564)
	at org.openqa.selenium.support.events.EventFiringWebDriver$EventFiringWebElement.lambda$new$0(EventFiringWebDriver.java:404)
	at com.sun.proxy.$Proxy13.sendKeys(Unknown Source)
	at org.openqa.selenium.support.events.EventFiringWebDriver$EventFiringWebElement.sendKeys(EventFiringWebDriver.java:429)
	at java.base/jdk.internal.reflect.NativeMethodAccessorImpl.invoke0(Native Method)
	at java.base/jdk.internal.reflect.NativeMethodAccessorImpl.invoke(NativeMethodAccessorImpl.java:62)
	at java.base/jdk.internal.reflect.DelegatingMethodAccessorImpl.invoke(DelegatingMethodAccessorImpl.java:43)
	at java.base/java.lang.reflect.Method.invoke(Method.java:564)
	at org.openqa.selenium.support.pagefactory.internal.LocatingElementHandler.invoke(LocatingElementHandler.java:51)
	at com.sun.proxy.$Proxy11.sendKeys(Unknown Source)
	at com.ap.pages.SignInPage.enteringEmAndPswd(SignInPage.java:28)
	at com.ap.Tests.SignInPageTest.ssN(SignInPageTest.java:27)
	at java.base/jdk.internal.reflect.NativeMethodAccessorImpl.invoke0(Native Method)
	at java.base/jdk.internal.reflect.NativeMethodAccessorImpl.invoke(NativeMethodAccessorImpl.java:62)
	at java.base/jdk.internal.reflect.DelegatingMethodAccessorImpl.invoke(DelegatingMethodAccessorImpl.java:43)
	at java.base/java.lang.reflect.Method.invoke(Method.java:564)
	at org.testng.internal.MethodInvocationHelper.invokeMethod(MethodInvocationHelper.java:108)
	at org.testng.internal.Invoker.invokeMethod(Invoker.java:661)
	at org.testng.internal.Invoker.invokeTestMethod(Invoker.java:869)
	at org.testng.internal.Invoker.invokeTestMethods(Invoker.java:1193)
	at org.testng.internal.TestMethodWorker.invokeTestMethods(TestMethodWorker.java:126)
	at org.testng.internal.TestMethodWorker.run(TestMethodWorker.java:109)
	at java.base/java.util.concurrent.ThreadPoolExecutor.runWorker(ThreadPoolExecutor.java:1167)
	at java.base/java.util.concurrent.ThreadPoolExecutor$Worker.run(ThreadPoolExecutor.java:641)
	at java.base/java.lang.Thread.run(Thread.java:844)
]]>
            </full-stacktrace>
          </exception> <!-- org.openqa.selenium.StaleElementReferenceException -->
          <reporter-output>
            <line>
              <![CDATA[Trying to find element]]>
            </line>
            <line>
              <![CDATA[Trying to find element]]>
            </line>
            <line>
              <![CDATA[Trying to find element]]>
            </line>
          </reporter-output>
        </test-method> <!-- ssN -->
        <test-method signature="ppPage()[pri:1, instance:com.ap.Tests.SignInPageTest@4562e04d]" started-at="2020-09-15T02:00:32Z" name="ppPage" finished-at="2020-09-15T02:00:37Z" duration-ms="4161" status="PASS">
          <reporter-output>
            <line>
              <![CDATA[Trying to find element]]>
            </line>
          </reporter-output>
        </test-method> <!-- ppPage -->
      </class> <!-- com.ap.Tests.SignInPageTest -->
    </test> <!-- AutomationPracticeTesting -->
  </suite> <!-- AutomationPractice -->
</testng-results>
