<?xml version="1.0" encoding="UTF-8"?>
<!-- Generated by org.testng.reporters.JUnitXMLReporter -->
<testsuite ignored="0" hostname="DESKTOP-AV4TL8G" failures="0" tests="4" name="AutomationPracticeTesting" time="0.908" errors="0" timestamp="15 Sep 2020 05:35:15 GMT">
  <testcase classname="com.ap.Tests.HomePageTest" name="@BeforeTest LaunchingBrowser" time="0.621">
    <failure type="java.lang.IllegalStateException" message="The driver executable does not exist: C:\Users\19174\Desktop\PreParation\IntelliJProjects\ChromeDriver\chromedriver_win32_final\chromedriver.exe">
      <![CDATA[java.lang.IllegalStateException: The driver executable does not exist: C:\Users\19174\Desktop\PreParation\IntelliJProjects\ChromeDriver\chromedriver_win32_final\chromedriver.exe
	at com.google.common.base.Preconditions.checkState(Preconditions.java:585)
	at org.openqa.selenium.remote.service.DriverService.checkExecutable(DriverService.java:146)
	at org.openqa.selenium.remote.service.DriverService.findExecutable(DriverService.java:141)
	at org.openqa.selenium.chrome.ChromeDriverService.access$000(ChromeDriverService.java:35)
	at org.openqa.selenium.chrome.ChromeDriverService$Builder.findDefaultExecutable(ChromeDriverService.java:159)
	at org.openqa.selenium.remote.service.DriverService$Builder.build(DriverService.java:355)
	at org.openqa.selenium.chrome.ChromeDriverService.createDefaultService(ChromeDriverService.java:94)
	at org.openqa.selenium.chrome.ChromeDriver.<init>(ChromeDriver.java:123)
	at com.ap.baseclass.BaseClass.initialization(BaseClass.java:39)
	at com.ap.Tests.HomePageTest.LaunchingBrowser(HomePageTest.java:19)
... Removed 26 stack frames]]>
    </failure>
  </testcase> <!-- @BeforeTest LaunchingBrowser -->
  <testcase classname="com.ap.Tests.ProfilePageTest" name="@BeforeTest LaunchingBrowser" time="0.0">
    <skipped/>
  </testcase> <!-- @BeforeTest LaunchingBrowser -->
  <testcase classname="com.ap.Tests.SignInPageTest" name="@BeforeTest LaunchingBrowser" time="0.0">
    <skipped/>
  </testcase> <!-- @BeforeTest LaunchingBrowser -->
  <testcase classname="com.ap.Tests.HomePageTest" name="@AfterTest tearDown" time="0.0">
    <skipped/>
  </testcase> <!-- @AfterTest tearDown -->
  <testcase classname="com.ap.Tests.ProfilePageTest" name="@AfterTest tearDown" time="0.0">
    <skipped/>
  </testcase> <!-- @AfterTest tearDown -->
  <testcase classname="com.ap.Tests.SignInPageTest" name="@AfterTest tearDown" time="0.0">
    <skipped/>
  </testcase> <!-- @AfterTest tearDown -->
  <testcase classname="com.ap.Tests.HomePageTest" name="checkSignIn" time="0.001">
    <skipped/>
  </testcase> <!-- checkSignIn -->
  <testcase classname="com.ap.Tests.ProfilePageTest" name="profilePageTest" time="0.0">
    <skipped/>
  </testcase> <!-- profilePageTest -->
  <testcase classname="com.ap.Tests.SignInPageTest" name="ssN" time="0.0">
    <skipped/>
  </testcase> <!-- ssN -->
  <testcase classname="com.ap.Tests.SignInPageTest" name="ppPage" time="0.0">
    <skipped/>
  </testcase> <!-- ppPage -->
</testsuite> <!-- AutomationPracticeTesting -->
